mode: set
github.com/townsymush/pgxbatcher/batcher.go:60.41,62.16 2 1
github.com/townsymush/pgxbatcher/batcher.go:62.16,63.23 1 1
github.com/townsymush/pgxbatcher/batcher.go:63.23,65.4 1 1
github.com/townsymush/pgxbatcher/batcher.go:66.3,66.19 1 1
github.com/townsymush/pgxbatcher/batcher.go:68.2,68.18 1 0
github.com/townsymush/pgxbatcher/batcher.go:71.42,73.2 1 1
github.com/townsymush/pgxbatcher/batcher.go:75.40,77.2 1 1
github.com/townsymush/pgxbatcher/batcher.go:87.58,90.19 2 1
github.com/townsymush/pgxbatcher/batcher.go:90.19,92.3 1 1
github.com/townsymush/pgxbatcher/batcher.go:93.2,97.3 1 1
github.com/townsymush/pgxbatcher/batcher.go:100.60,103.2 2 1
github.com/townsymush/pgxbatcher/batcher.go:105.57,106.24 1 1
github.com/townsymush/pgxbatcher/batcher.go:106.24,108.3 1 1
github.com/townsymush/pgxbatcher/batcher.go:109.2,109.16 1 1
github.com/townsymush/pgxbatcher/batcher.go:109.16,111.3 1 1
github.com/townsymush/pgxbatcher/batcher.go:112.2,112.21 1 1
github.com/townsymush/pgxbatcher/batcher.go:112.21,114.3 1 1
github.com/townsymush/pgxbatcher/batcher.go:115.2,120.30 5 1
github.com/townsymush/pgxbatcher/batcher.go:120.30,122.17 2 1
github.com/townsymush/pgxbatcher/batcher.go:122.17,127.4 1 1
github.com/townsymush/pgxbatcher/batcher.go:130.2,130.21 1 1
github.com/townsymush/pgxbatcher/batcher.go:130.21,132.3 1 1
github.com/townsymush/pgxbatcher/batcher.go:133.2,133.12 1 1
github.com/townsymush/pgxbatcher/batcher.go:136.30,139.2 2 1
