mode: set
github.com/townsymush/pgxbatcher/batcher.go:62.56,65.19 2 1
github.com/townsymush/pgxbatcher/batcher.go:65.19,67.3 1 1
github.com/townsymush/pgxbatcher/batcher.go:68.2,72.3 1 1
github.com/townsymush/pgxbatcher/batcher.go:75.53,77.2 1 1
github.com/townsymush/pgxbatcher/batcher.go:79.57,80.23 1 1
github.com/townsymush/pgxbatcher/batcher.go:80.23,82.3 1 1
github.com/townsymush/pgxbatcher/batcher.go:84.2,84.16 1 1
github.com/townsymush/pgxbatcher/batcher.go:84.16,86.3 1 1
github.com/townsymush/pgxbatcher/batcher.go:88.2,88.21 1 1
github.com/townsymush/pgxbatcher/batcher.go:88.21,90.3 1 1
github.com/townsymush/pgxbatcher/batcher.go:92.2,99.26 5 1
github.com/townsymush/pgxbatcher/batcher.go:99.26,101.17 2 1
github.com/townsymush/pgxbatcher/batcher.go:101.17,103.4 1 1
github.com/townsymush/pgxbatcher/batcher.go:106.2,106.19 1 1
github.com/townsymush/pgxbatcher/batcher.go:106.19,108.3 1 1
github.com/townsymush/pgxbatcher/batcher.go:110.2,110.12 1 1
github.com/townsymush/pgxbatcher/batcher.go:113.30,115.2 1 1
github.com/townsymush/pgxbatcher/errors.go:14.41,16.2 1 0
